  [4;36;1mSQL (0.2ms)[0m   [0;1mSET NAMES 'utf8'[0m
  [4;35;1mSQL (0.2ms)[0m   [0mSET SQL_AUTO_IS_NULL=0[0m
  [4;36;1mSQL (0.6ms)[0m   [0;1mSHOW TABLES[0m
  [4;35;1mSQL (8.3ms)[0m   [0mCREATE TABLE `schema_migrations` (`version` varchar(255) NOT NULL) ENGINE=InnoDB[0m
  [4;36;1mSQL (6.4ms)[0m   [0;1mCREATE UNIQUE INDEX `unique_schema_migrations` ON `schema_migrations` (`version`)[0m
  [4;35;1mSQL (0.5ms)[0m   [0mSHOW TABLES[0m
  [4;36;1mSQL (0.6ms)[0m   [0;1mSELECT version FROM schema_migrations[0m
Migrating to CreateUsers (20090601185109)
  [4;35;1mSQL (3.0ms)[0m   [0mCREATE TABLE `users` (`id` int(11) DEFAULT NULL auto_increment PRIMARY KEY, `created_at` datetime, `updated_at` datetime) ENGINE=InnoDB[0m
  [4;36;1mSQL (0.9ms)[0m   [0;1mINSERT INTO schema_migrations (version) VALUES ('20090601185109')[0m
  [4;35;1mSQL (0.5ms)[0m   [0mSHOW TABLES[0m
  [4;36;1mSQL (0.4ms)[0m   [0;1mSELECT version FROM schema_migrations[0m
  [4;35;1mSQL (0.4ms)[0m   [0mSHOW TABLES[0m
  [4;36;1mSQL (1.2ms)[0m   [0;1mSHOW FIELDS FROM `users`[0m
  [4;35;1mSQL (1.0ms)[0m   [0mdescribe `users`[0m
  [4;36;1mSQL (0.5ms)[0m   [0;1mSHOW KEYS FROM `users`[0m
  [4;36;1mSQL (0.2ms)[0m   [0;1mSET NAMES 'utf8'[0m
  [4;35;1mSQL (0.2ms)[0m   [0mSET SQL_AUTO_IS_NULL=0[0m
  [4;36;1mSQL (0.5ms)[0m   [0;1mSHOW TABLES[0m
  [4;35;1mSQL (0.2ms)[0m   [0mSELECT version FROM schema_migrations[0m
Migrating to CreateUsers (20090601185109)
  [4;36;1mSQL (0.4ms)[0m   [0;1mSHOW TABLES[0m
  [4;35;1mSQL (0.1ms)[0m   [0mSELECT version FROM schema_migrations[0m
  [4;36;1mSQL (0.4ms)[0m   [0;1mSHOW TABLES[0m
  [4;35;1mSQL (1.0ms)[0m   [0mSHOW FIELDS FROM `users`[0m
  [4;36;1mSQL (1.0ms)[0m   [0;1mdescribe `users`[0m
  [4;35;1mSQL (0.5ms)[0m   [0mSHOW KEYS FROM `users`[0m
  [4;36;1mSQL (0.1ms)[0m   [0;1mSET NAMES 'utf8'[0m
  [4;35;1mSQL (0.2ms)[0m   [0mSET SQL_AUTO_IS_NULL=0[0m
  [4;36;1mSQL (0.4ms)[0m   [0;1mSHOW TABLES[0m
  [4;35;1mSQL (4.3ms)[0m   [0mCREATE TABLE `schema_migrations` (`version` varchar(255) NOT NULL) ENGINE=InnoDB[0m
  [4;36;1mSQL (6.6ms)[0m   [0;1mCREATE UNIQUE INDEX `unique_schema_migrations` ON `schema_migrations` (`version`)[0m
  [4;35;1mSQL (0.4ms)[0m   [0mSHOW TABLES[0m
  [4;36;1mSQL (0.5ms)[0m   [0;1mSELECT version FROM schema_migrations[0m
Migrating to CreateUsers (20090601185109)
  [4;35;1mSQL (3.1ms)[0m   [0mCREATE TABLE `users` (`id` int(11) DEFAULT NULL auto_increment PRIMARY KEY, `name` varchar(255), `email` varchar(255), `login` varchar(255), `password` varchar(255), `created_at` datetime, `updated_at` datetime) ENGINE=InnoDB[0m
  [4;36;1mSQL (1.3ms)[0m   [0;1mINSERT INTO schema_migrations (version) VALUES ('20090601185109')[0m
  [4;35;1mSQL (0.4ms)[0m   [0mSHOW TABLES[0m
  [4;36;1mSQL (0.4ms)[0m   [0;1mSELECT version FROM schema_migrations[0m
  [4;35;1mSQL (0.4ms)[0m   [0mSHOW TABLES[0m
  [4;36;1mSQL (1.3ms)[0m   [0;1mSHOW FIELDS FROM `users`[0m
  [4;35;1mSQL (1.2ms)[0m   [0mdescribe `users`[0m
  [4;36;1mSQL (0.5ms)[0m   [0;1mSHOW KEYS FROM `users`[0m
  [4;36;1mSQL (0.2ms)[0m   [0;1mSET NAMES 'utf8'[0m
  [4;35;1mSQL (0.2ms)[0m   [0mSET SQL_AUTO_IS_NULL=0[0m
  [4;36;1mSQL (0.5ms)[0m   [0;1mSHOW TABLES[0m
  [4;35;1mSQL (0.2ms)[0m   [0mSELECT version FROM schema_migrations[0m
  [4;36;1mSQL (0.5ms)[0m   [0;1mSHOW TABLES[0m
  [4;35;1mSQL (1.2ms)[0m   [0mSHOW FIELDS FROM `users`[0m
  [4;36;1mSQL (1.2ms)[0m   [0;1mdescribe `users`[0m
  [4;35;1mSQL (0.5ms)[0m   [0mSHOW KEYS FROM `users`[0m
  [4;36;1mSQL (0.1ms)[0m   [0;1mSET NAMES 'utf8'[0m
  [4;35;1mSQL (0.1ms)[0m   [0mSET SQL_AUTO_IS_NULL=0[0m
  [4;36;1mSQL (0.5ms)[0m   [0;1mDROP DATABASE IF EXISTS `rf-Accounting_test`[0m
  [4;35;1mSQL (0.4ms)[0m   [0mCREATE DATABASE `rf-Accounting_test` DEFAULT CHARACTER SET `utf8`[0m
  [4;36;1mSQL (0.1ms)[0m   [0;1mSET NAMES 'utf8'[0m
  [4;35;1mSQL (0.2ms)[0m   [0mSET SQL_AUTO_IS_NULL=0[0m
  [4;36;1mSQL (0.4ms)[0m   [0;1mSHOW TABLES[0m
  [4;35;1mSQL (9.8ms)[0m   [0mCREATE TABLE `users` (`id` int(11) DEFAULT NULL auto_increment PRIMARY KEY, `name` varchar(255), `email` varchar(255), `login` varchar(255), `password` varchar(255), `created_at` datetime, `updated_at` datetime) ENGINE=InnoDB[0m
  [4;36;1mSQL (0.4ms)[0m   [0;1mSHOW TABLES[0m
  [4;35;1mSQL (3.2ms)[0m   [0mCREATE TABLE `schema_migrations` (`version` varchar(255) NOT NULL) ENGINE=InnoDB[0m
  [4;36;1mSQL (6.4ms)[0m   [0;1mCREATE UNIQUE INDEX `unique_schema_migrations` ON `schema_migrations` (`version`)[0m
  [4;35;1mSQL (0.4ms)[0m   [0mSHOW TABLES[0m
  [4;36;1mSQL (0.5ms)[0m   [0;1mSELECT version FROM `schema_migrations`[0m
  [4;35;1mSQL (0.8ms)[0m   [0mINSERT INTO `schema_migrations` (version) VALUES ('20090601185109')[0m
  [4;36;1mSQL (0.5ms)[0m   [0;1mSET NAMES 'utf8'[0m
  [4;35;1mSQL (0.4ms)[0m   [0mSET SQL_AUTO_IS_NULL=0[0m


Processing UsersController#index (for 127.0.0.1 at 2009-06-01 17:21:30) [GET]
  [4;36;1mUser Load (0.9ms)[0m   [0;1mSELECT * FROM `users` [0m
Rendering users/index
Completed in 39ms (View: 21, DB: 2) | 200 OK [http://0.0.0.0/users]
  [4;35;1mSQL (0.2ms)[0m   [0mSET NAMES 'utf8'[0m
  [4;36;1mSQL (0.3ms)[0m   [0;1mSET SQL_AUTO_IS_NULL=0[0m


Processing UsersController#new (for 127.0.0.1 at 2009-06-01 17:21:32) [GET]
  [4;35;1mUser Columns (2.7ms)[0m   [0mSHOW FIELDS FROM `users`[0m
Rendering users/new
Rendered users/_form (14.1ms)
Completed in 211ms (View: 191, DB: 3) | 200 OK [http://0.0.0.0/users/new]
  [4;36;1mSQL (0.3ms)[0m   [0;1mSET NAMES 'utf8'[0m
  [4;35;1mSQL (0.4ms)[0m   [0mSET SQL_AUTO_IS_NULL=0[0m


Processing UsersController#create (for 127.0.0.1 at 2009-06-01 17:21:49) [POST]
  Parameters: {"commit"=>"Criar", "authenticity_token"=>"OttFf98fAGoeHL7GRZWGj7bxknGswmsdAr5ZdbjfEpg=", "user"=>{"name"=>"Rodrigo", "password"=>"12345", "login"=>"rodrigofabaro", "email"=>"rodrigo.engenharia@gmail.com"}}
  [4;36;1mUser Columns (2.7ms)[0m   [0;1mSHOW FIELDS FROM `users`[0m
  [4;35;1mSQL (0.3ms)[0m   [0mBEGIN[0m
  [4;36;1mUser Create (0.9ms)[0m   [0;1mINSERT INTO `users` (`name`, `created_at`, `updated_at`, `login`, `password`, `email`) VALUES('Rodrigo', '2009-06-01 20:21:49', '2009-06-01 20:21:49', 'rodrigofabaro', '12345', 'rodrigo.engenharia@gmail.com')[0m
  [4;35;1mSQL (6.7ms)[0m   [0mCOMMIT[0m
Redirected to http://0.0.0.0:3000/users/1
Completed in 84ms (DB: 11) | 302 Found [http://0.0.0.0/users]
  [4;36;1mSQL (0.3ms)[0m   [0;1mSET NAMES 'utf8'[0m
  [4;35;1mSQL (0.5ms)[0m   [0mSET SQL_AUTO_IS_NULL=0[0m


Processing UsersController#show (for 127.0.0.1 at 2009-06-01 17:21:49) [GET]
  Parameters: {"id"=>"1"}
  [4;36;1mUser Columns (2.9ms)[0m   [0;1mSHOW FIELDS FROM `users`[0m
  [4;35;1mUser Load (1.1ms)[0m   [0mSELECT * FROM `users` WHERE (`users`.`id` = 1) [0m
Rendering users/show
Completed in 45ms (View: 19, DB: 5) | 200 OK [http://0.0.0.0/users/1]
  [4;36;1mSQL (0.3ms)[0m   [0;1mSET NAMES 'utf8'[0m
  [4;35;1mSQL (0.3ms)[0m   [0mSET SQL_AUTO_IS_NULL=0[0m


Processing UsersController#edit (for 127.0.0.1 at 2009-06-01 17:21:52) [GET]
  Parameters: {"id"=>"1"}
  [4;36;1mUser Columns (2.6ms)[0m   [0;1mSHOW FIELDS FROM `users`[0m
  [4;35;1mUser Load (0.3ms)[0m   [0mSELECT * FROM `users` WHERE (`users`.`id` = 1) [0m
Rendering users/edit
Rendered users/_form (8.4ms)
Completed in 45ms (View: 24, DB: 4) | 200 OK [http://0.0.0.0/users/1/edit]
  [4;36;1mSQL (0.3ms)[0m   [0;1mSET NAMES 'utf8'[0m
  [4;35;1mSQL (0.3ms)[0m   [0mSET SQL_AUTO_IS_NULL=0[0m


Processing UsersController#update (for 127.0.0.1 at 2009-06-01 17:21:54) [PUT]
  Parameters: {"commit"=>"Alterar", "authenticity_token"=>"OttFf98fAGoeHL7GRZWGj7bxknGswmsdAr5ZdbjfEpg=", "id"=>"1", "user"=>{"name"=>"Rodrigo", "password"=>"12345", "login"=>"rodrigofabaro", "email"=>"rodrigo.engenharia@gmail.com"}}
  [4;36;1mUser Columns (2.8ms)[0m   [0;1mSHOW FIELDS FROM `users`[0m
  [4;35;1mUser Load (0.4ms)[0m   [0mSELECT * FROM `users` WHERE (`users`.`id` = 1) [0m
  [4;36;1mSQL (0.3ms)[0m   [0;1mBEGIN[0m
  [4;35;1mSQL (0.3ms)[0m   [0mCOMMIT[0m
Redirected to http://0.0.0.0:3000/users/1
Completed in 35ms (DB: 4) | 302 Found [http://0.0.0.0/users/1]
  [4;36;1mSQL (0.4ms)[0m   [0;1mSET NAMES 'utf8'[0m
  [4;35;1mSQL (0.5ms)[0m   [0mSET SQL_AUTO_IS_NULL=0[0m


Processing UsersController#show (for 127.0.0.1 at 2009-06-01 17:21:54) [GET]
  Parameters: {"id"=>"1"}
  [4;36;1mUser Columns (2.8ms)[0m   [0;1mSHOW FIELDS FROM `users`[0m
  [4;35;1mUser Load (0.4ms)[0m   [0mSELECT * FROM `users` WHERE (`users`.`id` = 1) [0m
Rendering users/show
Completed in 33ms (View: 9, DB: 4) | 200 OK [http://0.0.0.0/users/1]
  [4;36;1mSQL (0.3ms)[0m   [0;1mSET NAMES 'utf8'[0m
  [4;35;1mSQL (0.4ms)[0m   [0mSET SQL_AUTO_IS_NULL=0[0m


Processing UsersController#edit (for 127.0.0.1 at 2009-06-01 17:21:57) [GET]
  Parameters: {"id"=>"1"}
  [4;36;1mUser Columns (2.7ms)[0m   [0;1mSHOW FIELDS FROM `users`[0m
  [4;35;1mUser Load (0.4ms)[0m   [0mSELECT * FROM `users` WHERE (`users`.`id` = 1) [0m
Rendering users/edit
Rendered users/_form (9.5ms)
Completed in 41ms (View: 19, DB: 4) | 200 OK [http://0.0.0.0/users/1/edit]
  [4;36;1mSQL (0.3ms)[0m   [0;1mSET NAMES 'utf8'[0m
  [4;35;1mSQL (0.4ms)[0m   [0mSET SQL_AUTO_IS_NULL=0[0m


Processing UsersController#update (for 127.0.0.1 at 2009-06-01 17:21:58) [PUT]
  Parameters: {"commit"=>"Alterar", "authenticity_token"=>"OttFf98fAGoeHL7GRZWGj7bxknGswmsdAr5ZdbjfEpg=", "id"=>"1", "user"=>{"name"=>"Rodrigo", "password"=>"12345", "login"=>"rodrigofabaro", "email"=>"rodrigo.engenharia@gmail.com"}}
  [4;36;1mUser Columns (2.7ms)[0m   [0;1mSHOW FIELDS FROM `users`[0m
  [4;35;1mUser Load (0.4ms)[0m   [0mSELECT * FROM `users` WHERE (`users`.`id` = 1) [0m
  [4;36;1mSQL (0.3ms)[0m   [0;1mBEGIN[0m
  [4;35;1mSQL (0.3ms)[0m   [0mCOMMIT[0m
Redirected to http://0.0.0.0:3000/users/1
Completed in 192ms (DB: 4) | 302 Found [http://0.0.0.0/users/1]
  [4;36;1mSQL (0.3ms)[0m   [0;1mSET NAMES 'utf8'[0m
  [4;35;1mSQL (0.4ms)[0m   [0mSET SQL_AUTO_IS_NULL=0[0m


Processing UsersController#show (for 127.0.0.1 at 2009-06-01 17:21:59) [GET]
  Parameters: {"id"=>"1"}
  [4;36;1mUser Columns (2.6ms)[0m   [0;1mSHOW FIELDS FROM `users`[0m
  [4;35;1mUser Load (0.4ms)[0m   [0mSELECT * FROM `users` WHERE (`users`.`id` = 1) [0m
Rendering users/show
Completed in 34ms (View: 10, DB: 4) | 200 OK [http://0.0.0.0/users/1]
  [4;36;1mSQL (0.3ms)[0m   [0;1mSET NAMES 'utf8'[0m
  [4;35;1mSQL (0.7ms)[0m   [0mSET SQL_AUTO_IS_NULL=0[0m


Processing UsersController#index (for 127.0.0.1 at 2009-06-01 17:22:00) [GET]
  [4;36;1mUser Load (0.9ms)[0m   [0;1mSELECT * FROM `users` [0m
Rendering users/index
  [4;35;1mUser Columns (2.7ms)[0m   [0mSHOW FIELDS FROM `users`[0m

ActionView::TemplateError (undefined method `edit_path' for #<ActionView::Base:0x7f2a40fc20a8>) on line #19 of app/views/users/index.html.erb:
16: 
17:     <td>
18:     <%= link_to 'Mostrar', user %> |
19:     <%= link_to 'Editar', edit_path(user) %> |
20:     <%= link_to 'Apagar', user, :confirm => 'Você tem certeza que deseja apagar o usuário ?', :method => :delete %>
21:     </td>
22:   </tr>

    app/views/users/index.html.erb:19
    app/views/users/index.html.erb:12:in `each'
    app/views/users/index.html.erb:12
    app/controllers/users_controller.rb:6:in `index'

Rendered rescues/_trace (162.0ms)
Rendered rescues/_request_and_response (12.7ms)
Rendering rescues/layout (internal_server_error)
  [4;36;1mSQL (0.3ms)[0m   [0;1mSET NAMES 'utf8'[0m
  [4;35;1mSQL (0.3ms)[0m   [0mSET SQL_AUTO_IS_NULL=0[0m


Processing UsersController#index (for 127.0.0.1 at 2009-06-01 17:22:19) [GET]
  [4;36;1mUser Load (0.4ms)[0m   [0;1mSELECT * FROM `users` [0m
Rendering users/index
  [4;35;1mUser Columns (4.4ms)[0m   [0mSHOW FIELDS FROM `users`[0m

ActionView::TemplateError (undefined method `edit_path' for #<ActionView::Base:0x7f2a44d971f8>) on line #19 of app/views/users/index.html.erb:
16: 
17:     <td>
18:     <%= link_to 'Mostrar', user %> |
19:     <%= link_to 'Editar', edit_path(user) %> |
20:     <%= link_to 'Apagar', user, :confirm => 'Você tem certeza que deseja apagar o usuário ?', :method => :delete %>
21:     </td>
22:   </tr>

    app/views/users/index.html.erb:19
    app/views/users/index.html.erb:12:in `each'
    app/views/users/index.html.erb:12
    app/controllers/users_controller.rb:6:in `index'

Rendered rescues/_trace (138.7ms)
Rendered rescues/_request_and_response (0.9ms)
Rendering rescues/layout (internal_server_error)
  [4;36;1mSQL (0.8ms)[0m   [0;1mSET NAMES 'utf8'[0m
  [4;35;1mSQL (0.5ms)[0m   [0mSET SQL_AUTO_IS_NULL=0[0m


Processing UsersController#index (for 127.0.0.1 at 2009-06-01 17:22:24) [GET]
  [4;36;1mUser Load (0.4ms)[0m   [0;1mSELECT * FROM `users` [0m
Rendering users/index
  [4;35;1mUser Columns (3.5ms)[0m   [0mSHOW FIELDS FROM `users`[0m

ActionView::TemplateError (undefined method `edit_path' for #<ActionView::Base:0x7f2a4204ba00>) on line #19 of app/views/users/index.html.erb:
16: 
17:     <td>
18:     <%= link_to 'Mostrar', user %> |
19:     <%= link_to 'Editar', edit_path(user) %> |
20:     <%= link_to 'Apagar', user, :confirm => 'Você tem certeza que deseja apagar o usuário ?', :method => :delete %>
21:     </td>
22:   </tr>

    app/views/users/index.html.erb:19
    app/views/users/index.html.erb:12:in `each'
    app/views/users/index.html.erb:12
    app/controllers/users_controller.rb:6:in `index'

Rendered rescues/_trace (299.5ms)
Rendered rescues/_request_and_response (0.9ms)
Rendering rescues/layout (internal_server_error)
  [4;36;1mSQL (0.3ms)[0m   [0;1mSET NAMES 'utf8'[0m
  [4;35;1mSQL (0.4ms)[0m   [0mSET SQL_AUTO_IS_NULL=0[0m


Processing UsersController#index (for 127.0.0.1 at 2009-06-01 17:22:54) [GET]
  [4;36;1mUser Load (0.4ms)[0m   [0;1mSELECT * FROM `users` [0m
Rendering users/index
  [4;35;1mUser Columns (2.5ms)[0m   [0mSHOW FIELDS FROM `users`[0m
Completed in 44ms (View: 24, DB: 4) | 200 OK [http://0.0.0.0/users]
  [4;36;1mSQL (0.3ms)[0m   [0;1mSET NAMES 'utf8'[0m
  [4;35;1mSQL (0.3ms)[0m   [0mSET SQL_AUTO_IS_NULL=0[0m


Processing UsersController#edit (for 127.0.0.1 at 2009-06-01 17:22:56) [GET]
  Parameters: {"id"=>"1"}
  [4;36;1mUser Columns (2.3ms)[0m   [0;1mSHOW FIELDS FROM `users`[0m
  [4;35;1mUser Load (0.4ms)[0m   [0mSELECT * FROM `users` WHERE (`users`.`id` = 1) [0m
Rendering users/edit
Rendered users/_form (10.0ms)
Completed in 40ms (View: 18, DB: 3) | 200 OK [http://0.0.0.0/users/1/edit]
